#
# There is insufficient memory for the Java Runtime Environment to continue.
# Native memory allocation (mmap) failed to map 268435456 bytes for Failed to commit area from 0x0000000701e00000 to 0x0000000711e00000 of length 268435456.
# Possible reasons:
#   The system is out of physical RAM or swap space
#   The process is running with CompressedOops enabled, and the Java Heap may be blocking the growth of the native heap
# Possible solutions:
#   Reduce memory load on the system
#   Increase physical memory or swap space
#   Check if swap backing store is full
#   Decrease Java heap size (-Xmx/-Xms)
#   Decrease number of Java threads
#   Decrease Java thread stack sizes (-Xss)
#   Set larger code cache with -XX:ReservedCodeCacheSize=
# This output file may be truncated or incomplete.
#
#  Out of Memory Error (t:/workspace/open/src/hotspot/os/windows/os_windows.cpp:3269), pid=10764, tid=17420
#
# JRE version:  (11.0+28) (build )
# Java VM: Java HotSpot(TM) 64-Bit Server VM (11+28, mixed mode, aot, sharing, tiered, compressed oops, g1 gc, windows-amd64)
# No core dump will be written. Minidumps are not enabled by default on client versions of Windows
#

---------------  S U M M A R Y ------------

Command Line: -XX:TieredStopAtLevel=1 -Xverify:none -Dspring.output.ansi.enabled=always -Dcom.sun.management.jmxremote -Dspring.jmx.enabled=true -Dspring.liveBeansView.mbeanDomain -Dspring.application.admin.enabled=true -javaagent:H:\IntellijIDEA\IntelliJ IDEA 2022.2.1\lib\idea_rt.jar=8938:H:\IntellijIDEA\IntelliJ IDEA 2022.2.1\bin -Dfile.encoding=UTF-8 com.example.demo.DemoApplication

Host: Intel(R) Core(TM) i7-7700HQ CPU @ 2.80GHz, 8 cores, 15G,  Windows 10 , 64 bit Build 19041 (10.0.19041.928)
Time: Tue Dec 13 21:08:57 2022 中国标准时间 elapsed time: 0 seconds (0d 0h 0m 0s)

---------------  T H R E A D  ---------------

Current thread (0x0000025ba0701000):  JavaThread "Unknown thread" [_thread_in_vm, id=17420, stack(0x000000b890c00000,0x000000b890d00000)]

Stack: [0x000000b890c00000,0x000000b890d00000]
Native frames: (J=compiled Java code, j=interpreted, Vv=VM code, C=native code)
V  [jvm.dll+0x63c22a]
V  [jvm.dll+0x7797ef]
V  [jvm.dll+0x77adda]
V  [jvm.dll+0x77b493]
V  [jvm.dll+0x262818]
V  [jvm.dll+0x6396da]
V  [jvm.dll+0x62dfb5]
V  [jvm.dll+0x31699c]
V  [jvm.dll+0x316822]
V  [jvm.dll+0x31c096]
V  [jvm.dll+0x3684af]
V  [jvm.dll+0x367ed0]
V  [jvm.dll+0x2f38b8]
V  [jvm.dll+0x2f4a16]
V  [jvm.dll+0x752db7]
V  [jvm.dll+0x7544ff]
V  [jvm.dll+0x3752e9]
V  [jvm.dll+0x7394b9]
V  [jvm.dll+0x3e46fd]
V  [jvm.dll+0x3e69d1]
C  [java.exe+0x3603]
C  [java.exe+0x178dc]
C  [KERNEL32.DLL+0x17034]
C  [ntdll.dll+0x52651]


---------------  P R O C E S S  ---------------

Threads class SMR info:
_java_thread_list=0x0000025b9ed47e50, length=0, elements={
}

Java Threads: ( => current thread )

Other Threads:
  0x0000025ba0719800 GCTaskThread "GC Thread#0" [stack: 0x000000b890d00000,0x000000b890e00000] [id=16456]
  0x0000025ba0777000 ConcurrentGCThread "G1 Main Marker" [stack: 0x000000b890e00000,0x000000b890f00000] [id=18072]
  0x0000025ba0778000 ConcurrentGCThread "G1 Conc#0" [stack: 0x000000b890f00000,0x000000b891000000] [id=20484]

[error occurred during error reporting (printing all threads), id 0xc0000005, EXCEPTION_ACCESS_VIOLATION (0xc0000005) at pc=0x00007ffa13ff2137]

VM state:not at safepoint (not fully initialized)

VM Mutex/Monitor currently owned by a thread:  ([mutex/lock_event])
[0x0000025ba06fcaf0] Heap_lock - owner thread: 0x0000025ba0701000

Heap address: 0x0000000701e00000, size: 4066 MB, Compressed Oops mode: Non-zero based: 0x0000000701e00000
Narrow klass base: 0x0000000000000000, Narrow klass shift: 0

GC Heap History (0 events):
No events

Deoptimization events (0 events):
No events

Classes redefined (0 events):
No events

Internal exceptions (0 events):
No events

Events (0 events):
No events


Dynamic libraries:
0x00007ff730ed0000 - 0x00007ff730f17000 	D:\Java\jdk-11\bin\java.exe
0x00007ffaa5e70000 - 0x00007ffaa6065000 	C:\Windows\SYSTEM32\ntdll.dll
0x00007ffaa5140000 - 0x00007ffaa51fd000 	C:\Windows\System32\KERNEL32.DLL
0x00007ffaa3ba0000 - 0x00007ffaa3e68000 	C:\Windows\System32\KERNELBASE.dll
0x00007ffaa4eb0000 - 0x00007ffaa4f5c000 	C:\Windows\System32\ADVAPI32.dll
0x00007ffaa5090000 - 0x00007ffaa512e000 	C:\Windows\System32\msvcrt.dll
0x00007ffaa4d50000 - 0x00007ffaa4deb000 	C:\Windows\System32\sechost.dll
0x00007ffaa4f60000 - 0x00007ffaa508b000 	C:\Windows\System32\RPCRT4.dll
0x00007ffaa3f90000 - 0x00007ffaa4130000 	C:\Windows\System32\USER32.dll
0x00007ffaa3ea0000 - 0x00007ffaa3ec2000 	C:\Windows\System32\win32u.dll
0x00007ffaa3f50000 - 0x00007ffaa3f7a000 	C:\Windows\System32\GDI32.dll
0x00007ffaa3980000 - 0x00007ffaa3a8b000 	C:\Windows\System32\gdi32full.dll
0x00007ffaa3860000 - 0x00007ffaa38fd000 	C:\Windows\System32\msvcp_win.dll
0x00007ffaa35b0000 - 0x00007ffaa36b0000 	C:\Windows\System32\ucrtbase.dll
0x00007ffa8af40000 - 0x00007ffa8b1da000 	C:\Windows\WinSxS\amd64_microsoft.windows.common-controls_6595b64144ccf1df_6.0.19041.844_none_ca00b6081b84eb1d\COMCTL32.dll
0x00007ffa9b840000 - 0x00007ffa9b84a000 	C:\Windows\SYSTEM32\VERSION.dll
0x00007ffaa4b40000 - 0x00007ffaa4b70000 	C:\Windows\System32\IMM32.DLL
0x00007ffa8e9d0000 - 0x00007ffa8e9e6000 	D:\Java\jdk-11\bin\vcruntime140.dll
0x00007ffa8a970000 - 0x00007ffa8aa1a000 	D:\Java\jdk-11\bin\msvcp140.dll
0x00007ffa13cf0000 - 0x00007ffa14832000 	D:\Java\jdk-11\bin\server\jvm.dll
0x00007ffaa3f80000 - 0x00007ffaa3f88000 	C:\Windows\System32\PSAPI.DLL
0x00007ffaa1d60000 - 0x00007ffaa1d69000 	C:\Windows\SYSTEM32\WSOCK32.dll
0x00007ffa8e2b0000 - 0x00007ffa8e2d7000 	C:\Windows\SYSTEM32\WINMM.dll
0x00007ffaa5c10000 - 0x00007ffaa5c7b000 	C:\Windows\System32\WS2_32.dll
0x00007ffaa1e80000 - 0x00007ffaa1e92000 	C:\Windows\SYSTEM32\kernel.appcore.dll
0x00007ffa8e990000 - 0x00007ffa8e9a1000 	D:\Java\jdk-11\bin\verify.dll
0x00007ffaa13a0000 - 0x00007ffaa1584000 	C:\Windows\SYSTEM32\DBGHELP.DLL
0x00007ffa7da20000 - 0x00007ffa7da4c000 	C:\Windows\SYSTEM32\dbgcore.DLL
0x00007ffaa3900000 - 0x00007ffaa3980000 	C:\Windows\System32\bcryptPrimitives.dll
0x00007ffa8e690000 - 0x00007ffa8e6b9000 	D:\Java\jdk-11\bin\java.dll
0x00007ffa88b00000 - 0x00007ffa88b2f000 	D:\Java\jdk-11\bin\instrument.dll
0x00007ffa8e670000 - 0x00007ffa8e686000 	D:\Java\jdk-11\bin\zip.dll
0x00007ffa9b530000 - 0x00007ffa9b53a000 	D:\Java\jdk-11\bin\jimage.dll

dbghelp: loaded successfully - version: 4.0.5 - missing functions: none
symbol engine: initialized successfully - sym options: 0x614 - pdb path: .;D:\Java\jdk-11\bin;C:\Windows\SYSTEM32;C:\Windows\WinSxS\amd64_microsoft.windows.common-controls_6595b64144ccf1df_6.0.19041.844_none_ca00b6081b84eb1d;D:\Java\jdk-11\bin\server

VM Arguments:
jvm_args: -XX:TieredStopAtLevel=1 -Xverify:none -Dspring.output.ansi.enabled=always -Dcom.sun.management.jmxremote -Dspring.jmx.enabled=true -Dspring.liveBeansView.mbeanDomain -Dspring.application.admin.enabled=true -javaagent:H:\IntellijIDEA\IntelliJ IDEA 2022.2.1\lib\idea_rt.jar=8938:H:\IntellijIDEA\IntelliJ IDEA 2022.2.1\bin -Dfile.encoding=UTF-8 
java_command: com.example.demo.DemoApplication
java_class_path (initial): F:\findjob\接口项目\demo\target\classes;C:\Users\Administrator\.m2\repository\org\springframework\boot\spring-boot-starter-web\2.7.6\spring-boot-starter-web-2.7.6.jar;C:\Users\Administrator\.m2\repository\org\springframework\boot\spring-boot-starter\2.7.6\spring-boot-starter-2.7.6.jar;C:\Users\Administrator\.m2\repository\org\springframework\boot\spring-boot\2.7.6\spring-boot-2.7.6.jar;C:\Users\Administrator\.m2\repository\org\springframework\boot\spring-boot-autoconfigure\2.7.6\spring-boot-autoconfigure-2.7.6.jar;C:\Users\Administrator\.m2\repository\org\springframework\boot\spring-boot-starter-logging\2.7.6\spring-boot-starter-logging-2.7.6.jar;C:\Users\Administrator\.m2\repository\ch\qos\logback\logback-classic\1.2.11\logback-classic-1.2.11.jar;C:\Users\Administrator\.m2\repository\ch\qos\logback\logback-core\1.2.11\logback-core-1.2.11.jar;C:\Users\Administrator\.m2\repository\org\apache\logging\log4j\log4j-to-slf4j\2.17.2\log4j-to-slf4j-2.17.2.jar;C:\Users\Administrator\.m2\repository\org\apache\logging\log4j\log4j-api\2.17.2\log4j-api-2.17.2.jar;C:\Users\Administrator\.m2\repository\org\slf4j\jul-to-slf4j\1.7.36\jul-to-slf4j-1.7.36.jar;C:\Users\Administrator\.m2\repository\jakarta\annotation\jakarta.annotation-api\1.3.5\jakarta.annotation-api-1.3.5.jar;C:\Users\Administrator\.m2\repository\org\yaml\snakeyaml\1.30\snakeyaml-1.30.jar;C:\Users\Administrator\.m2\repository\org\springframework\boot\spring-boot-starter-json\2.7.6\spring-boot-starter-json-2.7.6.jar;C:\Users\Administrator\.m2\repository\com\fasterxml\jackson\core\jackson-databind\2.13.4.2\jackson-databind-2.13.4.2.jar;C:\Users\Administrator\.m2\repository\com\fasterxml\jackson\core\jackson-annotations\2.13.4\jackson-annotations-2.13.4.jar;C:\Users\Administrator\.m2\repository\com\fasterxml\jackson\core\jackson-core\2.13.4\jackson-core-2.13.4.jar;C:\Users\Administrator\.m2\repository\com\fasterxml\jackson\datatype\jackson-datatype-jdk8\2.13.4\jackson-datatype-jdk8-2.13.4.jar
Launcher Type: SUN_STANDARD

[Global flags]
     bool BytecodeVerificationLocal                = false                                     {product} {command line}
     bool BytecodeVerificationRemote               = false                                     {product} {command line}
     intx CICompilerCount                          = 4                                         {product} {ergonomic}
     uint ConcGCThreads                            = 2                                         {product} {ergonomic}
     uint G1ConcRefinementThreads                  = 8                                         {product} {ergonomic}
   size_t G1HeapRegionSize                         = 1048576                                   {product} {ergonomic}
    uintx GCDrainStackTargetSize                   = 64                                        {product} {ergonomic}
   size_t InitialHeapSize                          = 268435456                                 {product} {ergonomic}
     bool ManagementServer                         = true                                      {product} {command line}
   size_t MarkStackSize                            = 4194304                                   {product} {ergonomic}
   size_t MaxHeapSize                              = 4263510016                                {product} {ergonomic}
   size_t MinHeapDeltaBytes                        = 1048576                                   {product} {ergonomic}
    uintx NonNMethodCodeHeapSize                   = 7549744                                {pd product} {ergonomic}
    uintx NonProfiledCodeHeapSize                  = 244108496                              {pd product} {ergonomic}
    uintx ProfiledCodeHeapSize                     = 0                                      {pd product} {ergonomic}
    uintx ReservedCodeCacheSize                    = 251658240                              {pd product} {ergonomic}
     bool SegmentedCodeCache                       = true                                      {product} {ergonomic}
     intx TieredStopAtLevel                        = 1                                         {product} {command line}
     bool UseCompressedClassPointers               = true                                 {lp64_product} {ergonomic}
     bool UseCompressedOops                        = true                                 {lp64_product} {ergonomic}
     bool UseG1GC                                  = true                                      {product} {ergonomic}
     bool UseLargePagesIndividualAllocation        = false                                  {pd product} {ergonomic}

Logging:
Log output configuration:
 #0: stdout all=warning uptime,level,tags
 #1: stderr all=off uptime,level,tags

Environment Variables:
JAVA_HOME=D:\java\jdk1.8.0_181
CLASSPATH=.;D:\java\jdk1.8.0_181\lib;D:\java\jdk1.8.0_181\lib\dt.jar;D:\java\jdk1.8.0_181\lib\tools.jar;
PATH=H:\VMware\bin\;H:\Python\Scripts\;H:\Python\;C:\Windows\system32;C:\Windows;C:\Windows\System32\Wbem;C:\Windows\System32\WindowsPowerShell\v1.0\;C:\Windows\System32\OpenSSH\;C:\Program Files (x86)\NVIDIA Corporation\PhysX\Common;C:\Program Files\NVIDIA Corporation\NVIDIA NvDLISR;D:\java\jdk1.8.0_181\bin;D:\java\jdk1.8.0_181\jre\bin;D:\node.js\node\;D:\Git\Gitnew\cmd;D:\maven\apache-maven-3.6.3-bin\apache-maven-3.6.3\bin;C:\Program Files\dotnet\;H:\xshellstu\;H:\xftpstu\;"H:\Tomcat\apache-tomcat-10.0.23\bin;H:\Tomcat\apache-tomcat-10.0.23\lib";H:\VScode\Microsoft VS Code\bin;H:\VScode\MinGW\x86_64-8.1.0-release-posix-sjlj-rt_v6-rev0\mingw64\bin;C:\Users\Administrator\AppData\Local\Microsoft\WindowsApps;;H:\IntellijIDEA\IntelliJ IDEA 2022.2.1\bin;;H:\IntellijPycharm\PyCharm 2022.2.1\bin;
USERNAME=Administrator
OS=Windows_NT
PROCESSOR_IDENTIFIER=Intel64 Family 6 Model 158 Stepping 9, GenuineIntel



---------------  S Y S T E M  ---------------

OS: Windows 10 , 64 bit Build 19041 (10.0.19041.928)

CPU:total 8 (initial active 8) (4 cores per cpu, 2 threads per core) family 6 model 158 stepping 9, cmov, cx8, fxsr, mmx, sse, sse2, sse3, ssse3, sse4.1, sse4.2, popcnt, avx, avx2, aes, clmul, erms, 3dnowpref, lzcnt, ht, tsc, tscinvbit, bmi1, bmi2, adx, fma

Memory: 4k page, system-wide physical 16263M (5766M free)
TotalPageFile size 19553M (AvailPageFile size 188M)
current process WorkingSet (physical memory assigned to process): 10M, peak: 10M
current process commit charge ("private bytes"): 58M, peak: 314M

vm_info: Java HotSpot(TM) 64-Bit Server VM (11+28) for windows-amd64 JRE (11+28), built on Aug 23 2018 03:03:59 by "mach5one" with MS VC++ 15.5 (VS2017)

END.
